[+] Containers:
 |- [+] Container: /Game/Title_Screen
 |   |- [+] ActorDescs:
 |   |   |- Guid:0C2CF5964D579A395AE740AD19D9F7C4 BaseClass: NativeClass:/Script/Engine.StaticMeshActor Name:StaticMeshActor_UAID_04421A0CF84506DD01_1206323598 Label:Sphere SpatiallyLoaded:1 Bounds:IsValid=true, Min=(X=-25000.000 Y=-24999.998 Z=-25000.000), Max=(X=25000.000 Y=25000.002 Z=25000.000) RuntimeGrid:None EditorOnly:0 RuntimeOnly:0 HLODRelevant:0 ListedInSceneOutliner:1 IsMainWorldOnly:0
 |   |   |- Guid:31B406A3473C241E07BDF3BDF7EFA769 BaseClass: NativeClass:/Script/Engine.WorldDataLayers Name:WorldDataLayers Label:WorldDataLayers SpatiallyLoaded:0 Bounds:Invalid RuntimeGrid:None EditorOnly:0 RuntimeOnly:0 HLODRelevant:0 ListedInSceneOutliner:1 IsMainWorldOnly:1
 |   |   |- Guid:E24E86F24CDF8960E8B50FA5FA950412 BaseClass: NativeClass:/Script/CinematicCamera.CineCameraActor Name:CineCameraActor_UAID_04421A0CF84508DD01_1302037951 Label:Menu Pan SpatiallyLoaded:0 Bounds:IsValid=true, Min=(X=0.000 Y=0.000 Z=0.000), Max=(X=0.000 Y=0.000 Z=0.000) RuntimeGrid:None EditorOnly:0 RuntimeOnly:0 HLODRelevant:0 ListedInSceneOutliner:1 IsMainWorldOnly:0
 |   |- [+] Clusters:
 |   |   |- [+] [  0]
 |   |   |   |- Guid:0C2CF5964D579A395AE740AD19D9F7C4 BaseClass: NativeClass:/Script/Engine.StaticMeshActor Name:StaticMeshActor_UAID_04421A0CF84506DD01_1206323598 Label:Sphere SpatiallyLoaded:1 Bounds:IsValid=true, Min=(X=-25000.000 Y=-24999.998 Z=-25000.000), Max=(X=25000.000 Y=25000.002 Z=25000.000) RuntimeGrid:None EditorOnly:0 RuntimeOnly:0 HLODRelevant:0 ListedInSceneOutliner:1 IsMainWorldOnly:0
 |   |   |- [+] [  1]
 |   |   |   |- Guid:31B406A3473C241E07BDF3BDF7EFA769 BaseClass: NativeClass:/Script/Engine.WorldDataLayers Name:WorldDataLayers Label:WorldDataLayers SpatiallyLoaded:0 Bounds:Invalid RuntimeGrid:None EditorOnly:0 RuntimeOnly:0 HLODRelevant:0 ListedInSceneOutliner:1 IsMainWorldOnly:1
 |   |   |- [+] [  2]
 |   |   |   |- Guid:E24E86F24CDF8960E8B50FA5FA950412 BaseClass: NativeClass:/Script/CinematicCamera.CineCameraActor Name:CineCameraActor_UAID_04421A0CF84508DD01_1302037951 Label:Menu Pan SpatiallyLoaded:0 Bounds:IsValid=true, Min=(X=0.000 Y=0.000 Z=0.000), Max=(X=0.000 Y=0.000 Z=0.000) RuntimeGrid:None EditorOnly:0 RuntimeOnly:0 HLODRelevant:0 ListedInSceneOutliner:1 IsMainWorldOnly:0
 |- ContainerInstances:
 |- [+] MainContainer:
 |   |-        ID: 00000000000000000000000000000000
 |   |-  ParentID: 00000000000000000000000000000000
 |   |-    Bounds: IsValid=true, Min=(X=-25000.000 Y=-24999.998 Z=-25000.000), Max=(X=25000.000 Y=25000.002 Z=25000.000)
 |   |- Transform: 0.000000,0.000000,0.000000|0.000000,0.000000,-0.000000|1.000000,1.000000,1.000000
 |   |- Container: /Game/Title_Screen
----------------------------------------------------------------------------------------------------------------
Title_Screen - Persistent Level
----------------------------------------------------------------------------------------------------------------
[+] Content of Title_Screen Persistent Level
 |- Always loaded Actor Count: 10 
 |- Actor Path: /Game/Title_Screen.Title_Screen:PersistentLevel.AbstractNavData-Default
 |- Actor Package: /Game/Title_Screen
 |- Actor Path: /Game/Title_Screen.Title_Screen:PersistentLevel.Brush_0
 |- Actor Package: /Game/Title_Screen
 |- Actor Path: /Game/Title_Screen.Title_Screen:PersistentLevel.CineCameraActor_UAID_04421A0CF84508DD01_1302037951
 |- Actor Package: /Game/__ExternalActors__/Title_Screen/D/LZ/43U2AO6W95J5BHJWP9OERA
 |- Actor Path: /Game/Title_Screen.Title_Screen:PersistentLevel.DefaultPhysicsVolume_0
 |- Actor Package: /Game/Title_Screen
 |- Actor Path: /Game/Title_Screen.Title_Screen:PersistentLevel.GameplayDebuggerPlayerManager_0
 |- Actor Package: /Game/Title_Screen
 |- Actor Path: /Game/Title_Screen.Title_Screen:PersistentLevel.StaticMeshActor_UAID_04421A0CF84506DD01_1206323598
 |- Actor Package: /Game/__ExternalActors__/Title_Screen/3/IT/V1L9GX4CO0F8YWXEFUX3KH
 |- Actor Path: /Game/Title_Screen.Title_Screen:PersistentLevel.Title_Screen_C_28
 |- Actor Package: /Game/Title_Screen
 |- Actor Path: /Game/Title_Screen.Title_Screen:PersistentLevel.WorldDataLayers
 |- Actor Package: /Game/__ExternalActors__/Title_Screen/5/XM/OHSU2ZF8FD50WU17YQ2VDG
 |- Actor Path: /Game/Title_Screen.Title_Screen:PersistentLevel.WorldPartitionMiniMap_UAID_04421A0CF845BCDA01_1136321456
 |- Actor Package: /Game/__ExternalActors__/Title_Screen/B/LR/30DX887343GT0WI2LUMWY6
 |- Actor Path: /Game/Title_Screen.Title_Screen:PersistentLevel.WorldSettings
 |- Actor Package: /Game/Title_Screen

----------------------------------------------------------------------------------------------------------------
Title_Screen - Runtime Spatial Hash - Streaming Grid - MainGrid
----------------------------------------------------------------------------------------------------------------
            Origin: X=0.000 Y=0.000 Z=0.000
         Cell Size: 12800
      World Bounds: IsValid=true, Min=(X=-25000.000 Y=-24999.998 Z=-25000.000), Max=(X=25000.000 Y=25000.002 Z=25000.000)
     Loading Range: 25600.00
Block Slow Loading: No
 ClientOnlyVisible: No
            Origin: X=0.000 Y=0.000 Z=0.000

[+] Grid Levels: 3
 |- Level  0: Cell Count    0 | Cell Size   12800 | Actor Count    0 (0.0%)
 |- Level  1: Cell Count    0 | Cell Size   25600 | Actor Count    0 (0.0%)
 |- Level  2: Cell Count    0 | Cell Size   51200 | Actor Count    0 (0.0%)

[+] Content of Grid Level 0
[+] Content of Grid Level 1
[+] Content of Grid Level 2

